<?xml version="1.0" encoding="UTF-8"?>
<!-- Generated by org.testng.reporters.JUnitXMLReporter -->
<testsuite hostname="Darshans-MacBook-Pro.local" name="Test" tests="19" failures="0" timestamp="3 Jul 2019 13:56:54 GMT" time="161.849" errors="0">
  <testcase name="clickOnEventPlaceHolder" time="11.322" classname="com.moofwd.V2Test.V2.EventV2"/>
  <testcase name="clickOncontextualMenu" time="8.852" classname="com.moofwd.V2Test.V2.EventV2"/>
  <testcase name="clickOnContextualMenuShare" time="2.35" classname="com.moofwd.V2Test.V2.EventV2"/>
  <testcase name="clickOnContextualMenuShareCancel" time="13.775" classname="com.moofwd.V2Test.V2.EventV2"/>
  <testcase name="clickOnContextualMenuAddToCalendar" time="5.68" classname="com.moofwd.V2Test.V2.EventV2"/>
  <testcase name="clickOnNumber" time="14.726" classname="com.moofwd.V2Test.V2.EventV2"/>
  <testcase name="getOrientationForDevice" time="16.569" classname="com.moofwd.V2Test.V2.EventV2"/>
  <testcase name="clickOnGalleryImageForZoomIn" time="14.569" classname="com.moofwd.V2Test.V2.EventV2"/>
  <testcase name="clickOnMenuButton" time="8.674" classname="com.moofwd.V2Test.V2.MenuV2"/>
  <testcase name="clickOnMenuEvents" time="2.84" classname="com.moofwd.V2Test.V2.MenuV2"/>
  <testcase name="enterEventNameInTextField" time="3.386" classname="com.moofwd.V2Test.V2.MenuV2"/>
  <testcase name="clickOnOneofEventInList" time="3.155" classname="com.moofwd.V2Test.V2.MenuV2"/>
  <testcase name="backOnParticularPage" time="7.511" classname="com.moofwd.V2Test.V2.MenuV2"/>
  <testcase name="clickOnAnnouncementMenu" time="7.666" classname="com.moofwd.V2Test.V2.AnnouncementV2"/>
  <testcase name="enterAnnouncementNameInTextField" time="4.868" classname="com.moofwd.V2Test.V2.AnnouncementV2"/>
  <testcase name="clickOnOneOfAnnouncementInList" time="7.497" classname="com.moofwd.V2Test.V2.AnnouncementV2"/>
  <testcase name="clickOnBackButtonAnnouncement" time="5.4" classname="com.moofwd.V2Test.V2.AnnouncementV2"/>
  <testcase name="clickOnHomeMenuIcon" time="12.527" classname="com.moofwd.V2Test.V2.AnnouncementV2"/>
  <testcase name="slideOfAnnouncement" time="10.154" classname="com.moofwd.V2Test.V2.AnnouncementV2"/>
</testsuite> <!-- Test -->
