<?xml version="1.0" encoding="UTF-8"?>
<!-- Generated by org.testng.reporters.JUnitXMLReporter -->
<testsuite hostname="Darshans-MacBook-Pro.local" name="Test" tests="11" failures="0" timestamp="16 Jul 2019 12:21:50 GMT" time="1.759" errors="0">
  <testcase name="@AfterMethod getResult" time="0.0" classname="fmuTestExtent.Academico">
    <failure type="java.lang.NullPointerException">
      <![CDATA[java.lang.NullPointerException
	at com.moofwd.base.TestBase.getResult(TestBase.java:197)
... Removed 27 stack frames]]>
    </failure>
  </testcase> <!-- @AfterMethod getResult -->
  <testcase name="@AfterMethod getResult" time="0.0" classname="fmuTestExtent.Academico">
    <skipped/>
  </testcase> <!-- @AfterMethod getResult -->
  <testcase name="@AfterMethod getResult" time="0.0" classname="fmuTestExtent.Academico">
    <skipped/>
  </testcase> <!-- @AfterMethod getResult -->
  <testcase name="@AfterMethod getResult" time="0.0" classname="fmuTestExtent.Academico">
    <skipped/>
  </testcase> <!-- @AfterMethod getResult -->
  <testcase name="@AfterMethod getResult" time="0.0" classname="fmuTestExtent.Academico">
    <skipped/>
  </testcase> <!-- @AfterMethod getResult -->
  <testcase name="@AfterMethod getResult" time="0.0" classname="fmuTestExtent.Academico">
    <skipped/>
  </testcase> <!-- @AfterMethod getResult -->
  <testcase name="@AfterMethod getResult" time="0.0" classname="fmuTestExtent.Academico">
    <skipped/>
  </testcase> <!-- @AfterMethod getResult -->
  <testcase name="@AfterMethod getResult" time="0.0" classname="fmuTestExtent.Academico">
    <skipped/>
  </testcase> <!-- @AfterMethod getResult -->
  <testcase name="@AfterMethod getResult" time="0.0" classname="fmuTestExtent.Academico">
    <skipped/>
  </testcase> <!-- @AfterMethod getResult -->
  <testcase name="@AfterMethod getResult" time="0.0" classname="fmuTestExtent.Academico">
    <skipped/>
  </testcase> <!-- @AfterMethod getResult -->
  <testcase name="@AfterMethod getResult" time="0.0" classname="fmuTestExtent.Academico">
    <skipped/>
  </testcase> <!-- @AfterMethod getResult -->
  <testcase name="click_On_Academico" time="1.517" classname="fmuTestExtent.Academico"/>
  <testcase name="click_On_Disciplinas" time="0.002" classname="fmuTestExtent.Academico">
    <skipped/>
  </testcase> <!-- click_On_Disciplinas -->
  <testcase name="click_On_OneofDisciplinas" time="0.001" classname="fmuTestExtent.Academico">
    <skipped/>
  </testcase> <!-- click_On_OneofDisciplinas -->
  <testcase name="click_On_Tarefas" time="0.001" classname="fmuTestExtent.Academico">
    <skipped/>
  </testcase> <!-- click_On_Tarefas -->
  <testcase name="click_On_Participants" time="0.001" classname="fmuTestExtent.Academico">
    <skipped/>
  </testcase> <!-- click_On_Participants -->
  <testcase name="click_On_Arquivos" time="0.001" classname="fmuTestExtent.Academico">
    <skipped/>
  </testcase> <!-- click_On_Arquivos -->
  <testcase name="click_On_Notas_Courses" time="0.001" classname="fmuTestExtent.Academico">
    <skipped/>
  </testcase> <!-- click_On_Notas_Courses -->
  <testcase name="click_On_OneofNotas" time="0.001" classname="fmuTestExtent.Academico">
    <skipped/>
  </testcase> <!-- click_On_OneofNotas -->
  <testcase name="click_On_Historica_Courses" time="0.001" classname="fmuTestExtent.Academico">
    <skipped/>
  </testcase> <!-- click_On_Historica_Courses -->
  <testcase name="click_On_Aulas_Courses" time="0.001" classname="fmuTestExtent.Academico">
    <skipped/>
  </testcase> <!-- click_On_Aulas_Courses -->
  <testcase name="click_On_Faltas_Courses" time="0.003" classname="fmuTestExtent.Academico">
    <skipped/>
  </testcase> <!-- click_On_Faltas_Courses -->
</testsuite> <!-- Test -->
