<?xml version="1.0" encoding="UTF-8"?>
<testng-results skipped="10" failed="0" total="11" passed="1">
  <reporter-output>
  </reporter-output>
  <suite name="Suite" duration-ms="1759" started-at="2019-07-16T12:21:43Z" finished-at="2019-07-16T12:21:45Z">
    <groups>
    </groups>
    <test name="Test" duration-ms="1759" started-at="2019-07-16T12:21:43Z" finished-at="2019-07-16T12:21:45Z">
      <class name="fmuTestExtent.Academico">
        <test-method status="PASS" signature="init()[pri:0, instance:fmuTestExtent.Academico@5383967b]" name="init" is-config="true" duration-ms="6501" started-at="2019-07-16T17:51:36Z" finished-at="2019-07-16T17:51:43Z">
          <reporter-output>
          </reporter-output>
        </test-method> <!-- init -->
        <test-method status="PASS" signature="setUp()[pri:0, instance:fmuTestExtent.Academico@5383967b]" name="setUp" is-config="true" duration-ms="180" started-at="2019-07-16T17:51:43Z" finished-at="2019-07-16T17:51:43Z">
          <reporter-output>
          </reporter-output>
        </test-method> <!-- setUp -->
        <test-method status="PASS" signature="click_On_Academico()[pri:5, instance:fmuTestExtent.Academico@5383967b]" name="click_On_Academico" duration-ms="1517" started-at="2019-07-16T17:51:43Z" finished-at="2019-07-16T17:51:45Z">
          <reporter-output>
          </reporter-output>
        </test-method> <!-- click_On_Academico -->
        <test-method status="FAIL" signature="getResult(org.testng.ITestResult)[pri:0, instance:fmuTestExtent.Academico@5383967b]" name="getResult" is-config="true" duration-ms="0" started-at="2019-07-16T17:51:45Z" finished-at="2019-07-16T17:51:45Z">
          <params>
            <param index="0">
              <value>
                <![CDATA[[TestResult name=click_On_Academico status=SUCCESS method=Academico.click_On_Academico()[pri:5, instance:fmuTestExtent.Academico@5383967b] output={null}]]]>
              </value>
            </param>
          </params>
          <exception class="java.lang.NullPointerException">
            <full-stacktrace>
              <![CDATA[java.lang.NullPointerException
	at com.moofwd.base.TestBase.getResult(TestBase.java:197)
	at sun.reflect.NativeMethodAccessorImpl.invoke0(Native Method)
	at sun.reflect.NativeMethodAccessorImpl.invoke(NativeMethodAccessorImpl.java:62)
	at sun.reflect.DelegatingMethodAccessorImpl.invoke(DelegatingMethodAccessorImpl.java:43)
	at java.lang.reflect.Method.invoke(Method.java:498)
	at org.testng.internal.MethodInvocationHelper.invokeMethod(MethodInvocationHelper.java:100)
	at org.testng.internal.Invoker.invokeConfigurationMethod(Invoker.java:515)
	at org.testng.internal.Invoker.invokeConfigurations(Invoker.java:216)
	at org.testng.internal.Invoker.invokeMethod(Invoker.java:712)
	at org.testng.internal.Invoker.invokeTestMethod(Invoker.java:811)
	at org.testng.internal.Invoker.invokeTestMethods(Invoker.java:1137)
	at org.testng.internal.TestMethodWorker.invokeTestMethods(TestMethodWorker.java:129)
	at org.testng.internal.TestMethodWorker.run(TestMethodWorker.java:112)
	at org.testng.TestRunner.privateRun(TestRunner.java:753)
	at org.testng.TestRunner.run(TestRunner.java:607)
	at org.testng.SuiteRunner.runTest(SuiteRunner.java:368)
	at org.testng.SuiteRunner.runSequentially(SuiteRunner.java:363)
	at org.testng.SuiteRunner.privateRun(SuiteRunner.java:321)
	at org.testng.SuiteRunner.run(SuiteRunner.java:270)
	at org.testng.SuiteRunnerWorker.runSuite(SuiteRunnerWorker.java:52)
	at org.testng.SuiteRunnerWorker.run(SuiteRunnerWorker.java:86)
	at org.testng.TestNG.runSuitesSequentially(TestNG.java:1284)
	at org.testng.TestNG.runSuitesLocally(TestNG.java:1209)
	at org.testng.TestNG.runSuites(TestNG.java:1124)
	at org.testng.TestNG.run(TestNG.java:1096)
	at org.testng.remote.AbstractRemoteTestNG.run(AbstractRemoteTestNG.java:132)
	at org.testng.remote.RemoteTestNG.initAndRun(RemoteTestNG.java:236)
	at org.testng.remote.RemoteTestNG.main(RemoteTestNG.java:81)
]]>
            </full-stacktrace>
          </exception> <!-- java.lang.NullPointerException -->
          <reporter-output>
          </reporter-output>
        </test-method> <!-- getResult -->
        <test-method status="SKIP" signature="click_On_Disciplinas()[pri:6, instance:fmuTestExtent.Academico@5383967b]" name="click_On_Disciplinas" duration-ms="2" started-at="2019-07-16T17:51:45Z" finished-at="2019-07-16T17:51:45Z">
          <reporter-output>
          </reporter-output>
        </test-method> <!-- click_On_Disciplinas -->
        <test-method status="SKIP" signature="getResult(org.testng.ITestResult)[pri:0, instance:fmuTestExtent.Academico@5383967b]" name="getResult" is-config="true" duration-ms="0" started-at="2019-07-16T17:51:45Z" finished-at="2019-07-16T17:51:45Z">
          <reporter-output>
          </reporter-output>
        </test-method> <!-- getResult -->
        <test-method status="SKIP" signature="click_On_OneofDisciplinas()[pri:7, instance:fmuTestExtent.Academico@5383967b]" name="click_On_OneofDisciplinas" duration-ms="1" started-at="2019-07-16T17:51:45Z" finished-at="2019-07-16T17:51:45Z">
          <reporter-output>
          </reporter-output>
        </test-method> <!-- click_On_OneofDisciplinas -->
        <test-method status="SKIP" signature="getResult(org.testng.ITestResult)[pri:0, instance:fmuTestExtent.Academico@5383967b]" name="getResult" is-config="true" duration-ms="0" started-at="2019-07-16T17:51:45Z" finished-at="2019-07-16T17:51:45Z">
          <reporter-output>
          </reporter-output>
        </test-method> <!-- getResult -->
        <test-method status="SKIP" signature="click_On_Tarefas()[pri:8, instance:fmuTestExtent.Academico@5383967b]" name="click_On_Tarefas" duration-ms="1" started-at="2019-07-16T17:51:45Z" finished-at="2019-07-16T17:51:45Z">
          <reporter-output>
          </reporter-output>
        </test-method> <!-- click_On_Tarefas -->
        <test-method status="SKIP" signature="getResult(org.testng.ITestResult)[pri:0, instance:fmuTestExtent.Academico@5383967b]" name="getResult" is-config="true" duration-ms="0" started-at="2019-07-16T17:51:45Z" finished-at="2019-07-16T17:51:45Z">
          <reporter-output>
          </reporter-output>
        </test-method> <!-- getResult -->
        <test-method status="SKIP" signature="click_On_Participants()[pri:9, instance:fmuTestExtent.Academico@5383967b]" name="click_On_Participants" duration-ms="1" started-at="2019-07-16T17:51:45Z" finished-at="2019-07-16T17:51:45Z">
          <reporter-output>
          </reporter-output>
        </test-method> <!-- click_On_Participants -->
        <test-method status="SKIP" signature="getResult(org.testng.ITestResult)[pri:0, instance:fmuTestExtent.Academico@5383967b]" name="getResult" is-config="true" duration-ms="0" started-at="2019-07-16T17:51:45Z" finished-at="2019-07-16T17:51:45Z">
          <reporter-output>
          </reporter-output>
        </test-method> <!-- getResult -->
        <test-method status="SKIP" signature="click_On_Arquivos()[pri:10, instance:fmuTestExtent.Academico@5383967b]" name="click_On_Arquivos" duration-ms="1" started-at="2019-07-16T17:51:45Z" finished-at="2019-07-16T17:51:45Z">
          <reporter-output>
          </reporter-output>
        </test-method> <!-- click_On_Arquivos -->
        <test-method status="SKIP" signature="getResult(org.testng.ITestResult)[pri:0, instance:fmuTestExtent.Academico@5383967b]" name="getResult" is-config="true" duration-ms="0" started-at="2019-07-16T17:51:45Z" finished-at="2019-07-16T17:51:45Z">
          <reporter-output>
          </reporter-output>
        </test-method> <!-- getResult -->
        <test-method status="SKIP" signature="click_On_Notas_Courses()[pri:11, instance:fmuTestExtent.Academico@5383967b]" name="click_On_Notas_Courses" duration-ms="1" started-at="2019-07-16T17:51:45Z" finished-at="2019-07-16T17:51:45Z">
          <reporter-output>
          </reporter-output>
        </test-method> <!-- click_On_Notas_Courses -->
        <test-method status="SKIP" signature="getResult(org.testng.ITestResult)[pri:0, instance:fmuTestExtent.Academico@5383967b]" name="getResult" is-config="true" duration-ms="0" started-at="2019-07-16T17:51:45Z" finished-at="2019-07-16T17:51:45Z">
          <reporter-output>
          </reporter-output>
        </test-method> <!-- getResult -->
        <test-method status="SKIP" signature="click_On_OneofNotas()[pri:12, instance:fmuTestExtent.Academico@5383967b]" name="click_On_OneofNotas" duration-ms="1" started-at="2019-07-16T17:51:45Z" finished-at="2019-07-16T17:51:45Z">
          <reporter-output>
          </reporter-output>
        </test-method> <!-- click_On_OneofNotas -->
        <test-method status="SKIP" signature="getResult(org.testng.ITestResult)[pri:0, instance:fmuTestExtent.Academico@5383967b]" name="getResult" is-config="true" duration-ms="0" started-at="2019-07-16T17:51:45Z" finished-at="2019-07-16T17:51:45Z">
          <reporter-output>
          </reporter-output>
        </test-method> <!-- getResult -->
        <test-method status="SKIP" signature="click_On_Historica_Courses()[pri:13, instance:fmuTestExtent.Academico@5383967b]" name="click_On_Historica_Courses" duration-ms="1" started-at="2019-07-16T17:51:45Z" finished-at="2019-07-16T17:51:45Z">
          <reporter-output>
          </reporter-output>
        </test-method> <!-- click_On_Historica_Courses -->
        <test-method status="SKIP" signature="getResult(org.testng.ITestResult)[pri:0, instance:fmuTestExtent.Academico@5383967b]" name="getResult" is-config="true" duration-ms="0" started-at="2019-07-16T17:51:45Z" finished-at="2019-07-16T17:51:45Z">
          <reporter-output>
          </reporter-output>
        </test-method> <!-- getResult -->
        <test-method status="SKIP" signature="click_On_Aulas_Courses()[pri:14, instance:fmuTestExtent.Academico@5383967b]" name="click_On_Aulas_Courses" duration-ms="1" started-at="2019-07-16T17:51:45Z" finished-at="2019-07-16T17:51:45Z">
          <reporter-output>
          </reporter-output>
        </test-method> <!-- click_On_Aulas_Courses -->
        <test-method status="SKIP" signature="getResult(org.testng.ITestResult)[pri:0, instance:fmuTestExtent.Academico@5383967b]" name="getResult" is-config="true" duration-ms="0" started-at="2019-07-16T17:51:45Z" finished-at="2019-07-16T17:51:45Z">
          <reporter-output>
          </reporter-output>
        </test-method> <!-- getResult -->
        <test-method status="SKIP" signature="click_On_Faltas_Courses()[pri:15, instance:fmuTestExtent.Academico@5383967b]" name="click_On_Faltas_Courses" duration-ms="3" started-at="2019-07-16T17:51:45Z" finished-at="2019-07-16T17:51:45Z">
          <reporter-output>
          </reporter-output>
        </test-method> <!-- click_On_Faltas_Courses -->
        <test-method status="SKIP" signature="getResult(org.testng.ITestResult)[pri:0, instance:fmuTestExtent.Academico@5383967b]" name="getResult" is-config="true" duration-ms="0" started-at="2019-07-16T17:51:45Z" finished-at="2019-07-16T17:51:45Z">
          <reporter-output>
          </reporter-output>
        </test-method> <!-- getResult -->
        <test-method status="SKIP" signature="tearDown()[pri:0, instance:fmuTestExtent.Academico@5383967b]" name="tearDown" is-config="true" duration-ms="0" started-at="2019-07-16T17:51:50Z" finished-at="2019-07-16T17:51:50Z">
          <reporter-output>
          </reporter-output>
        </test-method> <!-- tearDown -->
      </class> <!-- fmuTestExtent.Academico -->
    </test> <!-- Test -->
  </suite> <!-- Suite -->
</testng-results>
